build/app/intermediates/manifest_merge_blame_file/debug/manifest-merger-blame-debug-report.txt
1<?xml version="1.0" encoding="utf-8"?>
2<manifest xmlns:android="http://schemas.android.com/apk/res/android"
3    package="co.abhinav.flash_chat"
4    android:versionCode="1"
5    android:versionName="1.0.0" >
6
7    <uses-sdk
8        android:minSdkVersion="16"
9        android:targetSdkVersion="29" />
10    <!--
11         Flutter needs it to communicate with the running application
12         to allow setting breakpoints, to provide hot reload, etc.
13    -->
14    <uses-permission android:name="android.permission.INTERNET" />
14-->src/debug/AndroidManifest.xml:6:5-66
14-->src/debug/AndroidManifest.xml:6:22-64
15    <!-- Although the *SdkVersion is captured in gradle build files, this is required for non gradle builds -->
16    <!-- <uses-sdk android:minSdkVersion="14" /> -->
17    <uses-permission android:name="android.permission.ACCESS_NETWORK_STATE" />
17-->[com.google.firebase:firebase-firestore:21.3.1] AndroidManifest.xml:13:5-79
17-->[com.google.firebase:firebase-firestore:21.3.1] AndroidManifest.xml:13:22-76
18    <uses-permission android:name="android.permission.WAKE_LOCK" />
18-->[com.google.firebase:firebase-measurement-connector-impl:17.0.2] AndroidManifest.xml:24:5-68
18-->[com.google.firebase:firebase-measurement-connector-impl:17.0.2] AndroidManifest.xml:24:22-65
19    <uses-permission android:name="com.google.android.finsky.permission.BIND_GET_INSTALL_REFERRER_SERVICE" /> <!-- Required by older versions of Google Play services to create IID tokens -->
19-->[com.google.firebase:firebase-analytics:16.0.4] AndroidManifest.xml:26:5-110
19-->[com.google.firebase:firebase-analytics:16.0.4] AndroidManifest.xml:26:22-107
20    <uses-permission android:name="com.google.android.c2dm.permission.RECEIVE" />
20-->[com.google.firebase:firebase-iid:17.0.3] AndroidManifest.xml:26:5-82
20-->[com.google.firebase:firebase-iid:17.0.3] AndroidManifest.xml:26:22-79
21    <!--
22 io.flutter.app.FlutterApplication is an android.app.Application that
23         calls FlutterMain.startInitialization(this); in its onCreate method.
24         In most cases you can leave this as-is, but you if you want to provide
25         additional functionality it is fine to subclass or reimplement
26         FlutterApplication and put your custom class here.
27    -->
28    <application
28-->src/main/AndroidManifest.xml:9:5-32:19
29        android:name="io.flutter.app.FlutterApplication"
29-->src/main/AndroidManifest.xml:10:9-57
30        android:appComponentFactory="androidx.core.app.CoreComponentFactory"
30-->[androidx.core:core:1.1.0] AndroidManifest.xml:24:18-86
31        android:debuggable="true"
32        android:icon="@mipmap/ic_launcher"
32-->src/main/AndroidManifest.xml:12:9-43
33        android:label="flash_chat" >
33-->src/main/AndroidManifest.xml:11:9-35
34        <activity
34-->src/main/AndroidManifest.xml:13:9-31:20
35            android:name="co.appbrewery.flash_chat.MainActivity"
35-->src/main/AndroidManifest.xml:14:13-41
36            android:configChanges="orientation|keyboardHidden|keyboard|screenSize|locale|layoutDirection|fontScale|screenLayout|density|uiMode"
36-->src/main/AndroidManifest.xml:17:13-144
37            android:hardwareAccelerated="true"
37-->src/main/AndroidManifest.xml:18:13-47
38            android:launchMode="singleTop"
38-->src/main/AndroidManifest.xml:15:13-43
39            android:theme="@style/LaunchTheme"
39-->src/main/AndroidManifest.xml:16:13-47
40            android:windowSoftInputMode="adjustResize" >
40-->src/main/AndroidManifest.xml:19:13-55
41
42            <!--
43                 This keeps the window background of the activity showing
44                 until Flutter renders its first frame. It can be removed if
45                 there is no splash screen (such as the default splash screen
46                 defined in @style/LaunchTheme).
47            -->
48            <meta-data
48-->src/main/AndroidManifest.xml:24:13-26:40
49                android:name="io.flutter.app.android.SplashScreenUntilFirstFrame"
49-->src/main/AndroidManifest.xml:25:17-82
50                android:value="true" />
50-->src/main/AndroidManifest.xml:26:17-37
51
52            <intent-filter>
52-->src/main/AndroidManifest.xml:27:13-30:29
53                <action android:name="android.intent.action.MAIN" />
53-->src/main/AndroidManifest.xml:28:17-68
53-->src/main/AndroidManifest.xml:28:25-66
54
55                <category android:name="android.intent.category.LAUNCHER" />
55-->src/main/AndroidManifest.xml:29:17-76
55-->src/main/AndroidManifest.xml:29:27-74
56            </intent-filter>
57        </activity>
58
59        <service
59-->[com.google.firebase:firebase-firestore:21.3.1] AndroidManifest.xml:17:9-23:19
60            android:name="com.google.firebase.components.ComponentDiscoveryService"
60-->[com.google.firebase:firebase-firestore:21.3.1] AndroidManifest.xml:18:13-84
61            android:directBootAware="true"
61-->[com.google.firebase:firebase-common:19.3.0] AndroidManifest.xml:34:13-43
62            android:exported="false" >
62-->[com.google.firebase:firebase-firestore:21.3.1] AndroidManifest.xml:19:13-37
63            <meta-data
63-->[com.google.firebase:firebase-firestore:21.3.1] AndroidManifest.xml:20:13-22:85
64                android:name="com.google.firebase.components:com.google.firebase.firestore.FirestoreRegistrar"
64-->[com.google.firebase:firebase-firestore:21.3.1] AndroidManifest.xml:21:17-111
65                android:value="com.google.firebase.components.ComponentRegistrar" />
65-->[com.google.firebase:firebase-firestore:21.3.1] AndroidManifest.xml:22:17-82
66            <meta-data
66-->[com.google.firebase:firebase-auth:16.0.5] AndroidManifest.xml:36:13-38:85
67                android:name="com.google.firebase.components:com.google.firebase.auth.FirebaseAuthRegistrar"
67-->[com.google.firebase:firebase-auth:16.0.5] AndroidManifest.xml:37:17-109
68                android:value="com.google.firebase.components.ComponentRegistrar" />
68-->[com.google.firebase:firebase-auth:16.0.5] AndroidManifest.xml:38:17-82
69            <meta-data
69-->[com.google.firebase:firebase-measurement-connector-impl:17.0.2] AndroidManifest.xml:28:13-30:85
70                android:name="com.google.firebase.components:com.google.firebase.analytics.connector.internal.AnalyticsConnectorRegistrar"
70-->[com.google.firebase:firebase-measurement-connector-impl:17.0.2] AndroidManifest.xml:29:17-139
71                android:value="com.google.firebase.components.ComponentRegistrar" />
71-->[com.google.firebase:firebase-measurement-connector-impl:17.0.2] AndroidManifest.xml:30:17-82
72            <meta-data
72-->[com.google.firebase:firebase-iid:17.0.3] AndroidManifest.xml:32:13-34:85
73                android:name="com.google.firebase.components:com.google.firebase.iid.Registrar"
73-->[com.google.firebase:firebase-iid:17.0.3] AndroidManifest.xml:33:17-96
74                android:value="com.google.firebase.components.ComponentRegistrar" />
74-->[com.google.firebase:firebase-iid:17.0.3] AndroidManifest.xml:34:17-82
75        </service>
76
77        <activity
77-->[com.google.firebase:firebase-auth:16.0.5] AndroidManifest.xml:24:9-31:50
78            android:name="com.google.firebase.auth.internal.FederatedSignInActivity"
78-->[com.google.firebase:firebase-auth:16.0.5] AndroidManifest.xml:25:13-85
79            android:excludeFromRecents="true"
79-->[com.google.firebase:firebase-auth:16.0.5] AndroidManifest.xml:26:13-46
80            android:exported="true"
80-->[com.google.firebase:firebase-auth:16.0.5] AndroidManifest.xml:27:13-36
81            android:launchMode="singleTask"
81-->[com.google.firebase:firebase-auth:16.0.5] AndroidManifest.xml:28:13-44
82            android:permission="com.google.firebase.auth.api.gms.permission.LAUNCH_FEDERATED_SIGN_IN"
82-->[com.google.firebase:firebase-auth:16.0.5] AndroidManifest.xml:29:13-102
83            android:theme="@android:style/Theme.Translucent.NoTitleBar" />
83-->[com.google.firebase:firebase-auth:16.0.5] AndroidManifest.xml:30:13-72
84
85        <receiver
85-->[com.google.firebase:firebase-analytics:16.0.4] AndroidManifest.xml:29:9-33:20
86            android:name="com.google.android.gms.measurement.AppMeasurementReceiver"
86-->[com.google.firebase:firebase-analytics:16.0.4] AndroidManifest.xml:30:13-85
87            android:enabled="true"
87-->[com.google.firebase:firebase-analytics:16.0.4] AndroidManifest.xml:31:13-35
88            android:exported="false" >
88-->[com.google.firebase:firebase-analytics:16.0.4] AndroidManifest.xml:32:13-37
89        </receiver>
90        <receiver
90-->[com.google.firebase:firebase-analytics:16.0.4] AndroidManifest.xml:34:9-42:20
91            android:name="com.google.android.gms.measurement.AppMeasurementInstallReferrerReceiver"
91-->[com.google.firebase:firebase-analytics:16.0.4] AndroidManifest.xml:35:13-100
92            android:enabled="true"
92-->[com.google.firebase:firebase-analytics:16.0.4] AndroidManifest.xml:36:13-35
93            android:exported="true"
93-->[com.google.firebase:firebase-analytics:16.0.4] AndroidManifest.xml:37:13-36
94            android:permission="android.permission.INSTALL_PACKAGES" >
94-->[com.google.firebase:firebase-analytics:16.0.4] AndroidManifest.xml:38:13-69
95            <intent-filter>
95-->[com.google.firebase:firebase-analytics:16.0.4] AndroidManifest.xml:39:13-41:29
96                <action android:name="com.android.vending.INSTALL_REFERRER" />
96-->[com.google.firebase:firebase-analytics:16.0.4] AndroidManifest.xml:40:17-79
96-->[com.google.firebase:firebase-analytics:16.0.4] AndroidManifest.xml:40:25-76
97            </intent-filter>
98        </receiver>
99
100        <service
100-->[com.google.firebase:firebase-analytics:16.0.4] AndroidManifest.xml:44:9-47:40
101            android:name="com.google.android.gms.measurement.AppMeasurementService"
101-->[com.google.firebase:firebase-analytics:16.0.4] AndroidManifest.xml:45:13-84
102            android:enabled="true"
102-->[com.google.firebase:firebase-analytics:16.0.4] AndroidManifest.xml:46:13-35
103            android:exported="false" />
103-->[com.google.firebase:firebase-analytics:16.0.4] AndroidManifest.xml:47:13-37
104        <service
104-->[com.google.firebase:firebase-analytics:16.0.4] AndroidManifest.xml:48:9-52:72
105            android:name="com.google.android.gms.measurement.AppMeasurementJobService"
105-->[com.google.firebase:firebase-analytics:16.0.4] AndroidManifest.xml:49:13-87
106            android:enabled="true"
106-->[com.google.firebase:firebase-analytics:16.0.4] AndroidManifest.xml:50:13-35
107            android:exported="false"
107-->[com.google.firebase:firebase-analytics:16.0.4] AndroidManifest.xml:51:13-37
108            android:permission="android.permission.BIND_JOB_SERVICE" />
108-->[com.google.firebase:firebase-analytics:16.0.4] AndroidManifest.xml:52:13-69
109
110        <receiver
110-->[com.google.firebase:firebase-iid:17.0.3] AndroidManifest.xml:37:9-44:20
111            android:name="com.google.firebase.iid.FirebaseInstanceIdReceiver"
111-->[com.google.firebase:firebase-iid:17.0.3] AndroidManifest.xml:38:13-78
112            android:exported="true"
112-->[com.google.firebase:firebase-iid:17.0.3] AndroidManifest.xml:39:13-36
113            android:permission="com.google.android.c2dm.permission.SEND" >
113-->[com.google.firebase:firebase-iid:17.0.3] AndroidManifest.xml:40:13-73
114            <intent-filter>
114-->[com.google.firebase:firebase-iid:17.0.3] AndroidManifest.xml:41:13-43:29
115                <action android:name="com.google.android.c2dm.intent.RECEIVE" />
115-->[com.google.firebase:firebase-iid:17.0.3] AndroidManifest.xml:42:17-81
115-->[com.google.firebase:firebase-iid:17.0.3] AndroidManifest.xml:42:25-78
116            </intent-filter>
117        </receiver>
118        <!--
119             FirebaseInstanceIdService performs security checks at runtime,
120             no need for explicit permissions despite exported="true"
121        -->
122        <service
122-->[com.google.firebase:firebase-iid:17.0.3] AndroidManifest.xml:50:9-56:19
123            android:name="com.google.firebase.iid.FirebaseInstanceIdService"
123-->[com.google.firebase:firebase-iid:17.0.3] AndroidManifest.xml:51:13-77
124            android:exported="true" >
124-->[com.google.firebase:firebase-iid:17.0.3] AndroidManifest.xml:52:13-36
125            <intent-filter android:priority="-500" >
125-->[com.google.firebase:firebase-iid:17.0.3] AndroidManifest.xml:53:13-55:29
125-->[com.google.firebase:firebase-iid:17.0.3] AndroidManifest.xml:53:28-51
126                <action android:name="com.google.firebase.INSTANCE_ID_EVENT" />
126-->[com.google.firebase:firebase-iid:17.0.3] AndroidManifest.xml:54:17-80
126-->[com.google.firebase:firebase-iid:17.0.3] AndroidManifest.xml:54:25-77
127            </intent-filter>
128        </service>
129
130        <activity
130-->[com.google.android.gms:play-services-base:17.0.0] AndroidManifest.xml:23:9-26:75
131            android:name="com.google.android.gms.common.api.GoogleApiActivity"
131-->[com.google.android.gms:play-services-base:17.0.0] AndroidManifest.xml:24:13-79
132            android:exported="false"
132-->[com.google.android.gms:play-services-base:17.0.0] AndroidManifest.xml:25:13-37
133            android:theme="@android:style/Theme.Translucent.NoTitleBar" />
133-->[com.google.android.gms:play-services-base:17.0.0] AndroidManifest.xml:26:13-72
134
135        <provider
135-->[com.google.firebase:firebase-common:19.3.0] AndroidManifest.xml:26:9-30:39
136            android:name="com.google.firebase.provider.FirebaseInitProvider"
136-->[com.google.firebase:firebase-common:19.3.0] AndroidManifest.xml:27:13-77
137            android:authorities="co.abhinav.flash_chat.firebaseinitprovider"
137-->[com.google.firebase:firebase-common:19.3.0] AndroidManifest.xml:28:13-72
138            android:exported="false"
138-->[com.google.firebase:firebase-common:19.3.0] AndroidManifest.xml:29:13-37
139            android:initOrder="100" />
139-->[com.google.firebase:firebase-common:19.3.0] AndroidManifest.xml:30:13-36
140
141        <meta-data
141-->[com.google.android.gms:play-services-basement:17.0.0] AndroidManifest.xml:23:9-25:69
142            android:name="com.google.android.gms.version"
142-->[com.google.android.gms:play-services-basement:17.0.0] AndroidManifest.xml:24:13-58
143            android:value="@integer/google_play_services_version" />
143-->[com.google.android.gms:play-services-basement:17.0.0] AndroidManifest.xml:25:13-66
144    </application>
145
146</manifest>